cargo : warning: unused 
imports: `Bytes` and 
`Ledger`
At line:1 char:1
+ cargo test --package 
outcome-manager -- 
--nocapture 2>&1 | Out-File 
- ...
+ ~~~~~~~~~~~~~~~~~~~~~~~~~~
~~~~~~~~~~~~~~~~~~~~~~~~~~~~
~~
    + CategoryInfo          
    : NotSpecified: (warni  
  ng: unused...s` and `Le   
 dger`:String) [], Remot    
eException
    + FullyQualifiedErrorId 
    : NativeCommandError
 
 --> outcome_manager\src\tes
t.rs:4:31
  |
4 |     testutils::{Address 
as _, Ledger},
  |                         
      ^^^^^^
5 |     Address, Bytes, 
BytesN, Env, Vec,
  |              ^^^^^
  |
  = note: 
`#[warn(unused_imports)]` 
(part of `#[warn(unused)]`) 
on by default

warning: unused import: 
`Outcome`
 --> outcome_manager\src\tes
t.rs:9:22
  |
9 | use 
crate::storage::{Outcome, 
SignedOutcome};
  |                      
^^^^^^^

warning: use of deprecated 
method `soroban_sdk::events:
:Events::publish`: use the 
#[contractevent] macro on a 
contract event type
 --> outcome_manager\src\eve
nts.rs:5:18
  |
5 |     
env.events().publish(
  |                  ^^^^^^^
  |
  = note: 
`#[warn(deprecated)]` on by 
default

warning: use of deprecated 
method `soroban_sdk::events:
:Events::publish`: use the 
#[contractevent] macro on a 
contract event type
  --> outcome_manager\src\ev
ents.rs:13:18
   |
13 |     
env.events().publish(
   |                  
^^^^^^^

warning: use of deprecated 
method `soroban_sdk::events:
:Events::publish`: use the 
#[contractevent] macro on a 
contract event type
  --> outcome_manager\src\ev
ents.rs:21:18
   |
21 |     
env.events().publish(
   |                  
^^^^^^^

warning: use of deprecated 
method `soroban_sdk::Env::re
gister_contract`: use 
`register`
  --> outcome_manager\src\te
st.rs:62:27
   |
62 |     let contract_id = 
env.register_contract(None, 
OutcomeManager);
   |                        
   ^^^^^^^^^^^^^^^^^

warning: use of deprecated 
method `soroban_sdk::Env::re
gister_contract`: use 
`register`
  --> outcome_manager\src\te
st.rs:84:27
   |
84 |     let contract_id = 
env.register_contract(None, 
OutcomeManager);
   |                        
   ^^^^^^^^^^^^^^^^^

warning: use of deprecated 
method `soroban_sdk::Env::re
gister_contract`: use 
`register`
   --> outcome_manager\src\t
est.rs:114:27
    |
114 |     let contract_id = 
env.register_contract(None, 
OutcomeManager);
    |                       
    ^^^^^^^^^^^^^^^^^

warning: use of deprecated 
method `soroban_sdk::Env::re
gister_contract`: use 
`register`
   --> outcome_manager\src\t
est.rs:133:27
    |
133 |     let contract_id = 
env.register_contract(None, 
OutcomeManager);
    |                       
    ^^^^^^^^^^^^^^^^^

warning: hiding a lifetime 
that's elided elsewhere is 
confusing
  --> outcome_manager\src\te
st.rs:58:29
   |
58 | fn 
setup_single_oracle(env: 
&Env) -> (Address, Address, 
BytesN<32>, BytesN<32>, 
OutcomeManagerClient) {
   |                        
     ^^^^ the lifetime is 
elided here                 
   ^^^^^^^^^^^^^^^^^^^^ the 
same lifetime is hidden here
   |
   = help: the same 
lifetime is referred to in 
inconsistent ways, making 
the signature confusing
   = note: `#[warn(mismatche
d_lifetime_syntaxes)]` on 
by default
help: use `'_` for type 
paths
   |
58 | fn 
setup_single_oracle(env: 
&Env) -> (Address, Address, 
BytesN<32>, BytesN<32>, 
OutcomeManagerClient<'_>) {
   |                        
                            
                            
                     ++++

warning: `outcome-manager` 
(lib test) generated 10 
warnings (run `cargo fix 
--lib -p outcome-manager 
--tests` to apply 3 
suggestions)
    Finished `test` profile 
[unoptimized + debuginfo] 
target(s) in 0.44s
     Running unittests 
src\lib.rs (target\debug\dep
s\outcome_manager-61e42c4ec9
869403.exe)

running 6 tests
test test::test_payout_calculation ... ok

thread 'test::test_initializ
e_quorum_zero_fails' (5952) 
panicked at C:\Users\HP\.car
go\registry\src\index.crates
.io-1949cf8c6b5b557f\soroban
-env-host-23.0.1\src\host.rs
:861:9:
HostError: Error(Auth, 
InvalidAction)

Event log (newest first):
   0: [Diagnostic Event] 
topics:[error, Error(Auth, 
InvalidAction)], 
data:"escalating error to 
panic"
   1: [Diagnostic Event] 
topics:[error, Error(Auth, 
InvalidAction)], 
data:["contract call 
failed", initialize, [CAAAAA
AAAAAAAAAAAAAAAAAAAAAAAAAAAA
AAAAAAAAAAAAAAAAAAD2KM, [Byt
es(7687e5be4aeae7f2f39841dce
0c6993365382c9fc9f8853d0f19a
cb2b28390b2)], 0]]
   2: [Failed Diagnostic 
Event (not emitted)] contrac
t:CAAAAAAAAAAAAAAAAAAAAAAAAA
AAAAAAAAAAAAAAAAAAAAAAAAAAFC
T4, topics:[error, 
Error(Auth, 
InvalidAction)], 
data:"caught error from 
function"
   3: [Failed Diagnostic 
Event (not emitted)] contrac
t:CAAAAAAAAAAAAAAAAAAAAAAAAA
AAAAAAAAAAAAAAAAAAAAAAAAAAFC
T4, topics:[error, 
Error(Auth, 
InvalidAction)], 
data:"escalating error to 
panic"
   4: [Failed Diagnostic 
Event (not emitted)] contrac
t:CAAAAAAAAAAAAAAAAAAAAAAAAA
AAAAAAAAAAAAAAAAAAAAAAAAAAFC
T4, topics:[error, 
Error(Auth, 
InvalidAction)], 
data:["Unauthorized 
function call for address", 
CAAAAAAAAAAAAAAAAAAAAAAAAAAA
AAAAAAAAAAAAAAAAAAAAAAAAD2KM
]
   5: [Diagnostic Event] 
topics:[fn_call, CAAAAAAAAAA
AAAAAAAAAAAAAAAAAAAAAAAAAAAA
AAAAAAAAAAAAAFCT4, 
initialize], data:[CAAAAAAAA
AAAAAAAAAAAAAAAAAAAAAAAAAAAA
AAAAAAAAAAAAAAAD2KM, [Bytes(
7687e5be4aeae7f2f39841dce0c6
993365382c9fc9f8853d0f19acb2
b28390b2)], 0]

note: run with 
`RUST_BACKTRACE=1` 
environment variable to 
display a backtrace
Writing test snapshot file 
for test "test::test_initial
ize_quorum_zero_fails" to "t
est_snapshots\\test\\test_in
itialize_quorum_zero_fails.1
.json".

thread 'test::test_initializ
e_success' (8380) panicked 
at C:\Users\HP\.cargo\regist
ry\src\index.crates.io-1949c
f8c6b5b557f\soroban-env-host
-23.0.1\src\host.rs:861:9:
HostError: Error(Auth, 
InvalidAction)

Event log (newest first):
   0: [Diagnostic Event] 
topics:[error, Error(Auth, 
InvalidAction)], 
data:"escalating error to 
panic"
   1: [Diagnostic Event] 
topics:[error, Error(Auth, 
InvalidAction)], 
data:["contract call 
failed", initialize, [CAAAAA
AAAAAAAAAAAAAAAAAAAAAAAAAAAA
AAAAAAAAAAAAAAAAAAD2KM, [Byt
es(adf8cc187f4e5b1cb140171f1
8d5fc9d00d728ee1888130f85c47
a0906fe09c4)], 1]]
   2: [Failed Diagnostic 
Event (not emitted)] contrac
t:CAAAAAAAAAAAAAAAAAAAAAAAAA
AAAAAAAAAAAAAAAAAAAAAAAAAAFC
T4, topics:[error, 
Error(Auth, 
InvalidAction)], 
data:"caught error from 
function"
   3: [Failed Diagnostic 
Event (not emitted)] contrac
t:CAAAAAAAAAAAAAAAAAAAAAAAAA
AAAAAAAAAAAAAAAAAAAAAAAAAAFC
T4, topics:[error, 
Error(Auth, 
InvalidAction)], 
data:"escalating error to 
panic"
   4: [Failed Diagnostic 
Event (not emitted)] contrac
t:CAAAAAAAAAAAAAAAAAAAAAAAAA
AAAAAAAAAAAAAAAAAAAAAAAAAAFC
T4, topics:[error, 
Error(Auth, 
InvalidAction)], 
data:["Unauthorized 
function call for address", 
CAAAAAAAAAAAAAAAAAAAAAAAAAAA
AAAAAAAAAAAAAAAAAAAAAAAAD2KM
]
   5: [Diagnostic Event] 
topics:[fn_call, CAAAAAAAAAA
AAAAAAAAAAAAAAAAAAAAAAAAAAAA
AAAAAAAAAAAAAFCT4, 
initialize], data:[CAAAAAAAA
AAAAAAAAAAAAAAAAAAAAAAAAAAAA
AAAAAAAAAAAAAAAD2KM, [Bytes(
adf8cc187f4e5b1cb140171f18d5
fc9d00d728ee1888130f85c47a09
06fe09c4)], 1]

Writing test snapshot file 
for test "test::test_initial
ize_success" to "test_snapsh
ots\\test\\test_initialize_s
uccess.1.json".

thread 'test::test_submit_un
authorized_oracle_fails' 
(16636) panicked at C:\Users
\HP\.cargo\registry\src\inde
x.crates.io-1949cf8c6b5b557f
\soroban-env-host-23.0.1\src
\host.rs:861:9:
HostError: Error(WasmVm, 
InvalidAction)

Event log (newest first):
   0: [Diagnostic Event] 
topics:[error, 
Error(WasmVm, 
InvalidAction)], 
data:"escalating error to 
panic"
   1: [Diagnostic Event] 
topics:[error, 
Error(WasmVm, 
InvalidAction)], 
data:["contract call 
failed", submit_outcome, [CA
AAAAAAAAAAAAAAAAAAAAAAAAAAAA
AAAAAAAAAAAAAAAAAAAAAAHK3M, 
{call_id: 1, oracle_pubkey: 
Bytes(812c659e12b11ed802ee30
421307cce1753a9ee12569e9854a
71b974a39e166e), outcome: 
1, price: 100, signature: By
tes(62942d36f08817303d08c223
27fddf97cd2f39157004a6618d00
50beb34ab2463075f4222c6ef34a
fa15b8b6380a952c634086c840c9
ab3476a9260af15d090a), 
timestamp: 9000}]]
   2: [Failed Diagnostic 
Event (not emitted)] contrac
t:CAAAAAAAAAAAAAAAAAAAAAAAAA
AAAAAAAAAAAAAAAAAAAAAAAAAAFC
T4, topics:[error, 
Error(WasmVm, 
InvalidAction)], 
data:"caught error from 
function"
   3: [Failed Diagnostic 
Event (not emitted)] contrac
t:CAAAAAAAAAAAAAAAAAAAAAAAAA
AAAAAAAAAAAAAAAAAAAAAAAAAAFC
T4, topics:[log], 
data:["caught panic 
'unauthorized oracle' from 
contract function 
'Symbol(obj#83)'", CAAAAAAAA
AAAAAAAAAAAAAAAAAAAAAAAAAAAA
AAAAAAAAAAAAAAAHK3M, 
{call_id: 1, oracle_pubkey: 
Bytes(812c659e12b11ed802ee30
421307cce1753a9ee12569e9854a
71b974a39e166e), outcome: 
1, price: 100, signature: By
tes(62942d36f08817303d08c223
27fddf97cd2f39157004a6618d00
50beb34ab2463075f4222c6ef34a
fa15b8b6380a952c634086c840c9
ab3476a9260af15d090a), 
timestamp: 9000}]
   4: [Diagnostic Event] 
topics:[fn_call, CAAAAAAAAAA
AAAAAAAAAAAAAAAAAAAAAAAAAAAA
AAAAAAAAAAAAAFCT4, 
submit_outcome], data:[CAAAA
AAAAAAAAAAAAAAAAAAAAAAAAAAAA
AAAAAAAAAAAAAAAAAAAHK3M, 
{call_id: 1, oracle_pubkey: 
Bytes(812c659e12b11ed802ee30
421307cce1753a9ee12569e9854a
71b974a39e166e), outcome: 
1, price: 100, signature: By
tes(62942d36f08817303d08c223
27fddf97cd2f39157004a6618d00
50beb34ab2463075f4222c6ef34a
fa15b8b6380a952c634086c840c9
ab3476a9260af15d090a), 
timestamp: 9000}]

Writing test snapshot file 
for test "test::test_submit_
unauthorized_oracle_fails" 
to "test_snapshots\\test\\te
st_submit_unauthorized_oracl
e_fails.1.json".
test test::test_initialize_quorum_zero_fails - should panic ... FAILED
test test::test_initialize_success ... FAILED

thread 'test::test_initializ
e_twice_fails' (9800) 
panicked at C:\Users\HP\.car
go\registry\src\index.crates
.io-1949cf8c6b5b557f\soroban
-env-host-23.0.1\src\host.rs
:861:9:
HostError: Error(Auth, 
InvalidAction)

Event log (newest first):
   0: [Diagnostic Event] 
topics:[error, Error(Auth, 
InvalidAction)], 
data:"escalating error to 
panic"
   1: [Diagnostic Event] 
topics:[error, Error(Auth, 
InvalidAction)], 
data:["contract call 
failed", initialize, [CAAAAA
AAAAAAAAAAAAAAAAAAAAAAAAAAAA
AAAAAAAAAAAAAAAAAAD2KM, [Byt
es(fa044eabfe6b0fa8f6b533a54
807aa0ca143f21b7888b3bd16854
2ccc44323cc)], 1]]
   2: [Failed Diagnostic 
Event (not emitted)] contrac
t:CAAAAAAAAAAAAAAAAAAAAAAAAA
AAAAAAAAAAAAAAAAAAAAAAAAAAFC
T4, topics:[error, 
Error(Auth, 
InvalidAction)], 
data:"caught error from 
function"
   3: [Failed Diagnostic 
Event (not emitted)] contrac
t:CAAAAAAAAAAAAAAAAAAAAAAAAA
AAAAAAAAAAAAAAAAAAAAAAAAAAFC
T4, topics:[error, 
Error(Auth, 
InvalidAction)], 
data:"escalating error to 
panic"
   4: [Failed Diagnostic 
Event (not emitted)] contrac
t:CAAAAAAAAAAAAAAAAAAAAAAAAA
AAAAAAAAAAAAAAAAAAAAAAAAAAFC
T4, topics:[error, 
Error(Auth, 
InvalidAction)], 
data:["Unauthorized 
function call for address", 
CAAAAAAAAAAAAAAAAAAAAAAAAAAA
AAAAAAAAAAAAAAAAAAAAAAAAD2KM
]
   5: [Diagnostic Event] 
topics:[fn_call, CAAAAAAAAAA
AAAAAAAAAAAAAAAAAAAAAAAAAAAA
AAAAAAAAAAAAAFCT4, 
initialize], data:[CAAAAAAAA
AAAAAAAAAAAAAAAAAAAAAAAAAAAA
AAAAAAAAAAAAAAAD2KM, [Bytes(
fa044eabfe6b0fa8f6b533a54807
aa0ca143f21b7888b3bd168542cc
c44323cc)], 1]

Writing test snapshot file 
for test "test::test_initial
ize_twice_fails" to "test_sn
apshots\\test\\test_initiali
ze_twice_fails.1.json".
test test::test_initialize_twice_fails - should panic ... FAILED
test test::test_submit_unauthorized_oracle_fails - should panic ... ok

thread 'test::test_quorum_re
ached_with_two_oracles' 
(21716) panicked at C:\Users
\HP\.cargo\registry\src\inde
x.crates.io-1949cf8c6b5b557f
\soroban-env-host-23.0.1\src
\host.rs:861:9:
HostError: Error(Storage, 
MissingValue)

Event log (newest first):
   0: [Diagnostic Event] 
topics:[error, 
Error(Storage, 
MissingValue)], 
data:"escalating error to 
panic"
   1: [Diagnostic Event] 
topics:[error, 
Error(Storage, 
MissingValue)], 
data:["contract call 
failed", submit_outcome, [CA
AAAAAAAAAAAAAAAAAAAAAAAAAAAA
AAAAAAAAAAAAAAAAAAAAAAHK3M, 
{call_id: 42, 
oracle_pubkey: Bytes(4f8aa5b
877b2c16767e4bca72849c22fe39
7cb81b8d3628462d0372f93febe9
d), outcome: 1, price: 
150000000, signature: Bytes(
82ecc222c3c24f18d1045dd63c86
30889975b1175b9286e31e05df68
dfe7daffef9f446bfe7a481db886
ae48eb9ba4ea572d05c96432f4b3
7c7859cb4ab3360a), 
timestamp: 9000}]]
   2: [Failed Diagnostic 
Event (not emitted)] contrac
t:CAAAAAAAAAAAAAAAAAAAAAAAAA
AAAAAAAAAAAAAAAAAAAAAAAAAAFC
T4, topics:[error, 
Error(Storage, 
MissingValue)], 
data:"caught error from 
function"
   3: [Failed Diagnostic 
Event (not emitted)] contrac
t:CAAAAAAAAAAAAAAAAAAAAAAAAA
AAAAAAAAAAAAAAAAAAAAAAAAAAFC
T4, topics:[error, 
Error(Storage, 
MissingValue)], 
data:"escalating error to 
panic"
   4: [Failed Diagnostic 
Event (not emitted)] contrac
t:CAAAAAAAAAAAAAAAAAAAAAAAAA
AAAAAAAAAAAAAAAAAAAAAAAAAAFC
T4, topics:[error, 
Error(Storage, 
MissingValue)], 
data:["contract call 
failed", resolve_c, [42, 1, 
150000000]]
   5: [Failed Diagnostic 
Event (not emitted)] contrac
t:CAAAAAAAAAAAAAAAAAAAAAAAAA
AAAAAAAAAAAAAAAAAAAAAAAAAAFC
T4, topics:[error, 
Error(Storage, 
MissingValue)], 
data:"trying to get 
non-existing value for 
contract instance"
   6: [Failed Diagnostic 
Event (not emitted)] contrac
t:CAAAAAAAAAAAAAAAAAAAAAAAAA
AAAAAAAAAAAAAAAAAAAAAAAAAAFC
T4, topics:[fn_call, CAAAAAA
AAAAAAAAAAAAAAAAAAAAAAAAAAAA
AAAAAAAAAAAAAAAAAHK3M, 
resolve_c], data:[42, 1, 
150000000]
   7: [Failed Contract 
Event (not emitted)] contrac
t:CAAAAAAAAAAAAAAAAAAAAAAAAA
AAAAAAAAAAAAAAAAAAAAAAAAAAFC
T4, topics:[outcome, 
submitted], data:[42, Bytes(
4f8aa5b877b2c16767e4bca72849
c22fe397cb81b8d3628462d0372f
93febe9d), 1]
   8: [Diagnostic Event] 
topics:[fn_call, CAAAAAAAAAA
AAAAAAAAAAAAAAAAAAAAAAAAAAAA
AAAAAAAAAAAAAFCT4, 
submit_outcome], data:[CAAAA
AAAAAAAAAAAAAAAAAAAAAAAAAAAA
AAAAAAAAAAAAAAAAAAAHK3M, 
{call_id: 42, 
oracle_pubkey: Bytes(4f8aa5b
877b2c16767e4bca72849c22fe39
7cb81b8d3628462d0372f93febe9
d), outcome: 1, price: 
150000000, signature: Bytes(
82ecc222c3c24f18d1045dd63c86
30889975b1175b9286e31e05df68
dfe7daffef9f446bfe7a481db886
ae48eb9ba4ea572d05c96432f4b3
7c7859cb4ab3360a), 
timestamp: 9000}]

Writing test snapshot file 
for test "test::test_quorum_
reached_with_two_oracles" 
to "test_snapshots\\test\\te
st_quorum_reached_with_two_o
racles.1.json".
test test::test_quorum_reached_with_two_oracles ... FAILED

failures:

---- test::test_initialize_quorum_zero_fails stdout ----
note: panic did not contain expected string
      panic message: "HostError: Error(Auth, InvalidAction)\n\nEvent log (newest first):\n   0: [Diagnostic Event] topics:[error, Error(Auth, InvalidAction)], data:\"escalating error to panic\"\n   1: [Diagnostic Event] topics:[error, Error(Auth, InvalidAction)], data:[\"contract call failed\", initialize, [CAAAAAAAAAAAAAAAAAAAAAAAAAAAAAAAAAAAAAAAAAAAAAAAAAAAD2KM, [Bytes(7687e5be4aeae7f2f39841dce0c6993365382c9fc9f8853d0f19acb2b28390b2)], 0]]\n   2: [Failed Diagnostic Event (not emitted)] contract:CAAAAAAAAAAAAAAAAAAAAAAAAAAAAAAAAAAAAAAAAAAAAAAAAAAAFCT4, topics:[error, Error(Auth, InvalidAction)], data:\"caught error from function\"\n   3: [Failed Diagnostic Event (not emitted)] contract:CAAAAAAAAAAAAAAAAAAAAAAAAAAAAAAAAAAAAAAAAAAAAAAAAAAAFCT4, topics:[error, Error(Auth, InvalidAction)], data:\"escalating error to panic\"\n   4: [Failed Diagnostic Event (not emitted)] contract:CAAAAAAAAAAAAAAAAAAAAAAAAAAAAAAAAAAAAAAAAAAAAAAAAAAAFCT4, topics:[error, Error(Auth, InvalidAction)], data:[\"Unauthorized function call for address\", CAAAAAAAAAAAAAAAAAAAAAAAAAAAAAAAAAAAAAAAAAAAAAAAAAAAD2KM]\n   5: [Diagnostic Event] topics:[fn_call, CAAAAAAAAAAAAAAAAAAAAAAAAAAAAAAAAAAAAAAAAAAAAAAAAAAAFCT4, initialize], data:[CAAAAAAAAAAAAAAAAAAAAAAAAAAAAAAAAAAAAAAAAAAAAAAAAAAAD2KM, [Bytes(7687e5be4aeae7f2f39841dce0c6993365382c9fc9f8853d0f19acb2b28390b2)], 0]\n"
 expected substring: "invalid quorum"
---- test::test_initialize_twice_fails stdout ----
note: panic did not contain expected string
      panic message: "HostError: Error(Auth, InvalidAction)\n\nEvent log (newest first):\n   0: [Diagnostic Event] topics:[error, Error(Auth, InvalidAction)], data:\"escalating error to panic\"\n   1: [Diagnostic Event] topics:[error, Error(Auth, InvalidAction)], data:[\"contract call failed\", initialize, [CAAAAAAAAAAAAAAAAAAAAAAAAAAAAAAAAAAAAAAAAAAAAAAAAAAAD2KM, [Bytes(fa044eabfe6b0fa8f6b533a54807aa0ca143f21b7888b3bd168542ccc44323cc)], 1]]\n   2: [Failed Diagnostic Event (not emitted)] contract:CAAAAAAAAAAAAAAAAAAAAAAAAAAAAAAAAAAAAAAAAAAAAAAAAAAAFCT4, topics:[error, Error(Auth, InvalidAction)], data:\"caught error from function\"\n   3: [Failed Diagnostic Event (not emitted)] contract:CAAAAAAAAAAAAAAAAAAAAAAAAAAAAAAAAAAAAAAAAAAAAAAAAAAAFCT4, topics:[error, Error(Auth, InvalidAction)], data:\"escalating error to panic\"\n   4: [Failed Diagnostic Event (not emitted)] contract:CAAAAAAAAAAAAAAAAAAAAAAAAAAAAAAAAAAAAAAAAAAAAAAAAAAAFCT4, topics:[error, Error(Auth, InvalidAction)], data:[\"Unauthorized function call for address\", CAAAAAAAAAAAAAAAAAAAAAAAAAAAAAAAAAAAAAAAAAAAAAAAAAAAD2KM]\n   5: [Diagnostic Event] topics:[fn_call, CAAAAAAAAAAAAAAAAAAAAAAAAAAAAAAAAAAAAAAAAAAAAAAAAAAAFCT4, initialize], data:[CAAAAAAAAAAAAAAAAAAAAAAAAAAAAAAAAAAAAAAAAAAAAAAAAAAAD2KM, [Bytes(fa044eabfe6b0fa8f6b533a54807aa0ca143f21b7888b3bd168542ccc44323cc)], 1]\n"
 expected substring: "already initialized"

failures:
    test::test_initialize_quorum_zero_fails
    test::test_initialize_success
    test::test_initialize_twice_fails
    test::test_quorum_reached_with_two_oracles

test result: FAILED. 2 passed; 4 failed; 0 ignored; 0 measured; 0 filtered out; finished in 0.07s

error: test failed, to 
rerun pass `-p 
outcome-manager --lib`
