cargo : warning: unused 
imports: `Bytes` and 
`Ledger`
At line:1 char:1
+ cargo test --package 
outcome-manager -- 
test_initialize_success 
--noc ...
+ ~~~~~~~~~~~~~~~~~~~~~~~~~~
~~~~~~~~~~~~~~~~~~~~~~~~~~~~
~~~~~~~~~~~~~~~
    + CategoryInfo          
    : NotSpecified: (warni  
  ng: unused...s` and `Le   
 dger`:String) [], Remot    
eException
    + FullyQualifiedErrorId 
    : NativeCommandError
 
 --> outcome_manager\src\tes
t.rs:4:31
  |
4 |     testutils::{Address 
as _, Ledger},
  |                         
      ^^^^^^
5 |     Address, Bytes, 
BytesN, Env, Vec,
  |              ^^^^^
  |
  = note: 
`#[warn(unused_imports)]` 
(part of `#[warn(unused)]`) 
on by default

warning: unused import: 
`Outcome`
 --> outcome_manager\src\tes
t.rs:9:22
  |
9 | use 
crate::storage::{Outcome, 
SignedOutcome};
  |                      
^^^^^^^

warning: use of deprecated 
method `soroban_sdk::events:
:Events::publish`: use the 
#[contractevent] macro on a 
contract event type
 --> outcome_manager\src\eve
nts.rs:5:18
  |
5 |     
env.events().publish(
  |                  ^^^^^^^
  |
  = note: 
`#[warn(deprecated)]` on by 
default

warning: use of deprecated 
method `soroban_sdk::events:
:Events::publish`: use the 
#[contractevent] macro on a 
contract event type
  --> outcome_manager\src\ev
ents.rs:13:18
   |
13 |     
env.events().publish(
   |                  
^^^^^^^

warning: use of deprecated 
method `soroban_sdk::events:
:Events::publish`: use the 
#[contractevent] macro on a 
contract event type
  --> outcome_manager\src\ev
ents.rs:21:18
   |
21 |     
env.events().publish(
   |                  
^^^^^^^

warning: use of deprecated 
method `soroban_sdk::Env::re
gister_contract`: use 
`register`
  --> outcome_manager\src\te
st.rs:62:27
   |
62 |     let contract_id = 
env.register_contract(None, 
OutcomeManager);
   |                        
   ^^^^^^^^^^^^^^^^^

warning: use of deprecated 
method `soroban_sdk::Env::re
gister_contract`: use 
`register`
  --> outcome_manager\src\te
st.rs:84:27
   |
84 |     let contract_id = 
env.register_contract(None, 
OutcomeManager);
   |                        
   ^^^^^^^^^^^^^^^^^

warning: use of deprecated 
method `soroban_sdk::Env::re
gister_contract`: use 
`register`
   --> outcome_manager\src\t
est.rs:114:27
    |
114 |     let contract_id = 
env.register_contract(None, 
OutcomeManager);
    |                       
    ^^^^^^^^^^^^^^^^^

warning: use of deprecated 
method `soroban_sdk::Env::re
gister_contract`: use 
`register`
   --> outcome_manager\src\t
est.rs:133:27
    |
133 |     let contract_id = 
env.register_contract(None, 
OutcomeManager);
    |                       
    ^^^^^^^^^^^^^^^^^

warning: hiding a lifetime 
that's elided elsewhere is 
confusing
  --> outcome_manager\src\te
st.rs:58:29
   |
58 | fn 
setup_single_oracle(env: 
&Env) -> (Address, Address, 
BytesN<32>, BytesN<32>, 
OutcomeManagerClient) {
   |                        
     ^^^^ the lifetime is 
elided here                 
   ^^^^^^^^^^^^^^^^^^^^ the 
same lifetime is hidden here
   |
   = help: the same 
lifetime is referred to in 
inconsistent ways, making 
the signature confusing
   = note: `#[warn(mismatche
d_lifetime_syntaxes)]` on 
by default
help: use `'_` for type 
paths
   |
58 | fn 
setup_single_oracle(env: 
&Env) -> (Address, Address, 
BytesN<32>, BytesN<32>, 
OutcomeManagerClient<'_>) {
   |                        
                            
                            
                     ++++

warning: `outcome-manager` 
(lib test) generated 10 
warnings (run `cargo fix 
--lib -p outcome-manager 
--tests` to apply 3 
suggestions)
    Finished `test` profile 
[unoptimized + debuginfo] 
target(s) in 0.35s
     Running unittests 
src\lib.rs (target\debug\dep
s\outcome_manager-61e42c4ec9
869403.exe)

running 1 test

thread 'test::test_initializ
e_success' (1648) panicked 
at C:\Users\HP\.cargo\regist
ry\src\index.crates.io-1949c
f8c6b5b557f\soroban-env-host
-23.0.1\src\host.rs:861:9:
HostError: Error(Auth, 
InvalidAction)

Event log (newest first):
   0: [Diagnostic Event] 
topics:[error, Error(Auth, 
InvalidAction)], 
data:"escalating error to 
panic"
   1: [Diagnostic Event] 
topics:[error, Error(Auth, 
InvalidAction)], 
data:["contract call 
failed", initialize, [CAAAAA
AAAAAAAAAAAAAAAAAAAAAAAAAAAA
AAAAAAAAAAAAAAAAAAD2KM, [Byt
es(17fda3f3efd2d9ff48a4f2bd5
b96db5035a0cc9331351a8fade39
b68bb4f8f5a)], 1]]
   2: [Failed Diagnostic 
Event (not emitted)] contrac
t:CAAAAAAAAAAAAAAAAAAAAAAAAA
AAAAAAAAAAAAAAAAAAAAAAAAAAFC
T4, topics:[error, 
Error(Auth, 
InvalidAction)], 
data:"caught error from 
function"
   3: [Failed Diagnostic 
Event (not emitted)] contrac
t:CAAAAAAAAAAAAAAAAAAAAAAAAA
AAAAAAAAAAAAAAAAAAAAAAAAAAFC
T4, topics:[error, 
Error(Auth, 
InvalidAction)], 
data:"escalating error to 
panic"
   4: [Failed Diagnostic 
Event (not emitted)] contrac
t:CAAAAAAAAAAAAAAAAAAAAAAAAA
AAAAAAAAAAAAAAAAAAAAAAAAAAFC
T4, topics:[error, 
Error(Auth, 
InvalidAction)], 
data:["Unauthorized 
function call for address", 
CAAAAAAAAAAAAAAAAAAAAAAAAAAA
AAAAAAAAAAAAAAAAAAAAAAAAD2KM
]
   5: [Diagnostic Event] 
topics:[fn_call, CAAAAAAAAAA
AAAAAAAAAAAAAAAAAAAAAAAAAAAA
AAAAAAAAAAAAAFCT4, 
initialize], data:[CAAAAAAAA
AAAAAAAAAAAAAAAAAAAAAAAAAAAA
AAAAAAAAAAAAAAAD2KM, [Bytes(
17fda3f3efd2d9ff48a4f2bd5b96
db5035a0cc9331351a8fade39b68
bb4f8f5a)], 1]

note: run with 
`RUST_BACKTRACE=1` 
environment variable to 
display a backtrace
Writing test snapshot file 
for test "test::test_initial
ize_success" to "test_snapsh
ots\\test\\test_initialize_s
uccess.1.json".
test test::test_initialize_success ... FAILED

failures:

failures:
    test::test_initialize_success

test result: FAILED. 0 passed; 1 failed; 0 ignored; 0 measured; 5 filtered out; finished in 0.02s

error: test failed, to 
rerun pass `-p 
outcome-manager --lib`
